Regression Orchestrator Summary
Total tests: 6
Passes: 6
Failures: 0
Prereq failures: 0
Failing ledger IDs: none
Failure log: anti-regression/regression_failures.jsonl
Stopped early: no

Script: reg_behavior_cashflow_core
Return code: 0
Ledger IDs: CASH-001, CASH-002, CASH-003, CASH-004, CASH-005, CASH-006, CASH-010, CASH-011
Artifact: anti-regression/regression_artifacts/reg_behavior_cashflow_core__run.txt

Script: reg_behavior_sample_export
Return code: 0
Ledger IDs: CASH-007, CASH-008, CASH-009
Artifact: anti-regression/regression_artifacts/reg_behavior_sample_export__run.txt

Script: reg_contract_regression_system
Return code: 0
Ledger IDs: REG-001, REG-002, REG-004
Artifact: anti-regression/regression_artifacts/reg_contract_regression_system__run.txt

Script: reg_ledger_sync
Return code: 0
Ledger IDs: META-001, REG-003
Artifact: anti-regression/regression_artifacts/reg_ledger_sync__run.txt

Script: reg_project_structure
Return code: 0
Ledger IDs: EXT-001, EXT-002, EXT-003, EXT-004, EXT-005
Artifact: anti-regression/regression_artifacts/reg_project_structure__run.txt

Script: reg_webapp_shell
Return code: 0
Ledger IDs: WEB-001, WEB-002, WEB-003, WEB-004, WEB-005, WEB-006, WEB-007, WEB-008, WEB-009
Artifact: anti-regression/regression_artifacts/reg_webapp_shell__run.txt
